

Started GET "/microposts" for 127.0.0.1 at 2013-11-30 22:20:27 +1100

ActionController::RoutingError (No route matches [GET] "/microposts"):
  actionpack (4.0.1) lib/action_dispatch/middleware/debug_exceptions.rb:21:in `call'
  actionpack (4.0.1) lib/action_dispatch/middleware/show_exceptions.rb:30:in `call'
  railties (4.0.1) lib/rails/rack/logger.rb:38:in `call_app'
  railties (4.0.1) lib/rails/rack/logger.rb:20:in `block in call'
  activesupport (4.0.1) lib/active_support/tagged_logging.rb:67:in `block in tagged'
  activesupport (4.0.1) lib/active_support/tagged_logging.rb:25:in `tagged'
  activesupport (4.0.1) lib/active_support/tagged_logging.rb:67:in `tagged'
  railties (4.0.1) lib/rails/rack/logger.rb:20:in `call'
  actionpack (4.0.1) lib/action_dispatch/middleware/request_id.rb:21:in `call'
  rack (1.5.2) lib/rack/methodoverride.rb:21:in `call'
  rack (1.5.2) lib/rack/runtime.rb:17:in `call'
  activesupport (4.0.1) lib/active_support/cache/strategy/local_cache.rb:83:in `call'
  rack (1.5.2) lib/rack/lock.rb:17:in `call'
  actionpack (4.0.1) lib/action_dispatch/middleware/static.rb:64:in `call'
  rack (1.5.2) lib/rack/sendfile.rb:112:in `call'
  railties (4.0.1) lib/rails/engine.rb:511:in `call'
  railties (4.0.1) lib/rails/application.rb:97:in `call'
  rack (1.5.2) lib/rack/lock.rb:17:in `call'
  rack (1.5.2) lib/rack/content_length.rb:14:in `call'
  rack (1.5.2) lib/rack/handler/webrick.rb:60:in `service'
  /home/ruby/.rvm/rubies/ruby-2.0.0-p353/lib/ruby/2.0.0/webrick/httpserver.rb:138:in `service'
  /home/ruby/.rvm/rubies/ruby-2.0.0-p353/lib/ruby/2.0.0/webrick/httpserver.rb:94:in `run'
  /home/ruby/.rvm/rubies/ruby-2.0.0-p353/lib/ruby/2.0.0/webrick/server.rb:295:in `block in start_thread'


  Rendered /home/ruby/.rvm/gems/ruby-2.0.0-p353/gems/actionpack-4.0.1/lib/action_dispatch/middleware/templates/rescues/_trace.erb (3.9ms)
  Rendered /home/ruby/.rvm/gems/ruby-2.0.0-p353/gems/actionpack-4.0.1/lib/action_dispatch/middleware/templates/routes/_table.html.erb (12.4ms)
  Rendered /home/ruby/.rvm/gems/ruby-2.0.0-p353/gems/actionpack-4.0.1/lib/action_dispatch/middleware/templates/rescues/routing_error.erb within rescues/layout (54.8ms)


Started GET "/" for 127.0.0.1 at 2013-11-30 22:20:32 +1100
Processing by Rails::WelcomeController#index as HTML
  Rendered /home/ruby/.rvm/gems/ruby-2.0.0-p353/gems/railties-4.0.1/lib/rails/templates/rails/welcome/index.html.erb (2.5ms)
Completed 200 OK in 77ms (Views: 9.0ms | ActiveRecord: 0.0ms)
